
> Configure project :gradle
WARNING: Unsupported Kotlin plugin version.
The `embedded-kotlin` and `kotlin-dsl` plugins rely on features of Kotlin `1.7.10` that might work differently than in the requested version `1.9.20`.

> Task :gradle:checkKotlinGradlePluginConfigurationErrors
> Task :gradle:pluginDescriptors UP-TO-DATE
> Task :gradle:processResources UP-TO-DATE

> Task :gradle:compileKotlin
w: Inconsistent JVM-target compatibility detected for tasks 'compileJava' (11) and 'compileKotlin' (1.8).
This will become an error in Gradle 8.0.
Consider using JVM Toolchain: https://kotl.in/gradle/jvm/toolchain
Learn more about JVM-target validation: https://kotl.in/gradle/jvm/target-validation 

./gradlew : e: file:///C:/fl
utter/packages/flutter_tools
/gradle/src/main/kotlin/Flut
terPlugin.kt:758:21 
Unresolved reference: 
filePermissions
At line:1 char:1
+ ./gradlew assembleDebug 
--stacktrace > 
build_log.txt 2>&1
+ ~~~~~~~~~~~~~~~~~~~~~~~~~~
~~~~~~~~~~~~~~~~~~~~~~~~~~~~
~~~
    + CategoryInfo          
    : NotSpecified: (e: fi  
  le:///C:/f...filePermis   
 sions:String) [], Remot    
eException
    + FullyQualifiedErrorId 
    : NativeCommandError
 
e: file:///C:/flutter/packag
es/flutter_tools/gradle/src/
main/kotlin/FlutterPlugin.kt
:759:25 Unresolved 
reference: user
e: file:///C:/flutter/packag
es/flutter_tools/gradle/src/
main/kotlin/FlutterPlugin.kt
:760:29 Unresolved 
reference: read
e: file:///C:/flutter/packag
es/flutter_tools/gradle/src/
main/kotlin/FlutterPlugin.kt
:761:29 Unresolved 
reference: write

> Task :gradle:compileKotlin FAILED

FAILURE: Build failed with 
an exception.

* What went wrong:
Execution failed for task 
':gradle:compileKotlin'.
> A failure occurred while 
executing org.jetbrains.kotl
in.compilerRunner.GradleComp
ilerRunnerWithWorkers$Gradle
KotlinCompilerWorkAction
   > Compilation error. See 
log for more details

* Try:
> Run with --info or 
--debug option to get more 
log output.
> Run with --scan to get 
full insights.

* Exception is:
org.gradle.api.tasks.TaskExe
cutionException: Execution 
failed for task 
':gradle:compileKotlin'.
	at org.gradle.api.internal.
tasks.execution.ExecuteActio
nsTaskExecuter.lambda$execut
eIfValid$1(ExecuteActionsTas
kExecuter.java:142)
	at org.gradle.internal.Try$
Failure.ifSuccessfulOrElse(T
ry.java:282)
	at org.gradle.api.internal.
tasks.execution.ExecuteActio
nsTaskExecuter.executeIfVali
d(ExecuteActionsTaskExecuter
.java:140)
	at org.gradle.api.internal.
tasks.execution.ExecuteActio
nsTaskExecuter.execute(Execu
teActionsTaskExecuter.java:1
28)
	at org.gradle.api.internal.
tasks.execution.CleanupStale
OutputsExecuter.execute(Clea
nupStaleOutputsExecuter.java
:77)
	at org.gradle.api.internal.
tasks.execution.FinalizeProp
ertiesTaskExecuter.execute(F
inalizePropertiesTaskExecute
r.java:46)
	at org.gradle.api.internal.
tasks.execution.ResolveTaskE
xecutionModeExecuter.execute
(ResolveTaskExecutionModeExe
cuter.java:51)
	at org.gradle.api.internal.
tasks.execution.SkipTaskWith
NoActionsExecuter.execute(Sk
ipTaskWithNoActionsExecuter.
java:57)
	at org.gradle.api.internal.
tasks.execution.SkipOnlyIfTa
skExecuter.execute(SkipOnlyI
fTaskExecuter.java:57)
	at org.gradle.api.internal.
tasks.execution.CatchExcepti
onTaskExecuter.execute(Catch
ExceptionTaskExecuter.java:3
6)
	at org.gradle.api.internal.
tasks.execution.EventFiringT
askExecuter$1.executeTask(Ev
entFiringTaskExecuter.java:7
7)
	at org.gradle.api.internal.
tasks.execution.EventFiringT
askExecuter$1.call(EventFiri
ngTaskExecuter.java:55)
	at org.gradle.api.internal.
tasks.execution.EventFiringT
askExecuter$1.call(EventFiri
ngTaskExecuter.java:52)
	at org.gradle.internal.oper
ations.DefaultBuildOperation
Runner$CallableBuildOperatio
nWorker.execute(DefaultBuild
OperationRunner.java:204)
	at org.gradle.internal.oper
ations.DefaultBuildOperation
Runner$CallableBuildOperatio
nWorker.execute(DefaultBuild
OperationRunner.java:199)
	at org.gradle.internal.oper
ations.DefaultBuildOperation
Runner$2.execute(DefaultBuil
dOperationRunner.java:66)
	at org.gradle.internal.oper
ations.DefaultBuildOperation
Runner$2.execute(DefaultBuil
dOperationRunner.java:59)
	at org.gradle.internal.oper
ations.DefaultBuildOperation
Runner.execute(DefaultBuildO
perationRunner.java:157)
	at org.gradle.internal.oper
ations.DefaultBuildOperation
Runner.execute(DefaultBuildO
perationRunner.java:59)
	at org.gradle.internal.oper
ations.DefaultBuildOperation
Runner.call(DefaultBuildOper
ationRunner.java:53)
	at org.gradle.internal.oper
ations.DefaultBuildOperation
Executor.call(DefaultBuildOp
erationExecutor.java:73)
	at org.gradle.api.internal.
tasks.execution.EventFiringT
askExecuter.execute(EventFir
ingTaskExecuter.java:52)
	at org.gradle.execution.pla
n.LocalTaskNodeExecutor.exec
ute(LocalTaskNodeExecutor.ja
va:69)
	at org.gradle.execution.tas
kgraph.DefaultTaskExecutionG
raph$InvokeNodeExecutorsActi
on.execute(DefaultTaskExecut
ionGraph.java:322)
	at org.gradle.execution.tas
kgraph.DefaultTaskExecutionG
raph$InvokeNodeExecutorsActi
on.execute(DefaultTaskExecut
ionGraph.java:309)
	at org.gradle.execution.tas
kgraph.DefaultTaskExecutionG
raph$BuildOperationAwareExec
utionAction.execute(DefaultT
askExecutionGraph.java:302)
	at org.gradle.execution.tas
kgraph.DefaultTaskExecutionG
raph$BuildOperationAwareExec
utionAction.execute(DefaultT
askExecutionGraph.java:288)
	at org.gradle.execution.pla
n.DefaultPlanExecutor$Execut
orWorker.execute(DefaultPlan
Executor.java:462)
	at org.gradle.execution.pla
n.DefaultPlanExecutor$Execut
orWorker.run(DefaultPlanExec
utor.java:379)
	at org.gradle.internal.conc
urrent.ExecutorPolicy$CatchA
ndRecordFailures.onExecute(E
xecutorPolicy.java:64)
	at org.gradle.internal.conc
urrent.ManagedExecutorImpl$1
.run(ManagedExecutorImpl.jav
a:49)
Caused by: org.gradle.worker
s.internal.DefaultWorkerExec
utor$WorkExecutionException:
 A failure occurred while 
executing org.jetbrains.kotl
in.compilerRunner.GradleComp
ilerRunnerWithWorkers$Gradle
KotlinCompilerWorkAction
	at org.gradle.workers.inter
nal.DefaultWorkerExecutor$Wo
rkItemExecution.waitForCompl
etion(DefaultWorkerExecutor.
java:348)
	at org.gradle.internal.work
.DefaultAsyncWorkTracker.lam
bda$waitForItemsAndGatherFai
lures$2(DefaultAsyncWorkTrac
ker.java:130)
	at org.gradle.internal.Fact
ories$1.create(Factories.jav
a:31)
	at org.gradle.internal.work
.DefaultWorkerLeaseService.w
ithoutLocks(DefaultWorkerLea
seService.java:321)
	at org.gradle.internal.work
.DefaultWorkerLeaseService.w
ithoutLocks(DefaultWorkerLea
seService.java:304)
	at org.gradle.internal.work
.DefaultWorkerLeaseService.w
ithoutLock(DefaultWorkerLeas
eService.java:309)
	at org.gradle.internal.work
.DefaultAsyncWorkTracker.wai
tForItemsAndGatherFailures(D
efaultAsyncWorkTracker.java:
126)
	at org.gradle.internal.work
.DefaultAsyncWorkTracker.wai
tForItemsAndGatherFailures(D
efaultAsyncWorkTracker.java:
92)
	at org.gradle.internal.work
.DefaultAsyncWorkTracker.wai
tForAll(DefaultAsyncWorkTrac
ker.java:78)
	at org.gradle.internal.work
.DefaultAsyncWorkTracker.wai
tForCompletion(DefaultAsyncW
orkTracker.java:66)
	at org.gradle.api.internal.
tasks.execution.TaskExecutio
n$3.run(TaskExecution.java:2
44)
	at org.gradle.internal.oper
ations.DefaultBuildOperation
Runner$1.execute(DefaultBuil
dOperationRunner.java:29)
	at org.gradle.internal.oper
ations.DefaultBuildOperation
Runner$1.execute(DefaultBuil
dOperationRunner.java:26)
	at org.gradle.internal.oper
ations.DefaultBuildOperation
Runner$2.execute(DefaultBuil
dOperationRunner.java:66)
	at org.gradle.internal.oper
ations.DefaultBuildOperation
Runner$2.execute(DefaultBuil
dOperationRunner.java:59)
	at org.gradle.internal.oper
ations.DefaultBuildOperation
Runner.execute(DefaultBuildO
perationRunner.java:157)
	at org.gradle.internal.oper
ations.DefaultBuildOperation
Runner.execute(DefaultBuildO
perationRunner.java:59)
	at org.gradle.internal.oper
ations.DefaultBuildOperation
Runner.run(DefaultBuildOpera
tionRunner.java:47)
	at org.gradle.internal.oper
ations.DefaultBuildOperation
Executor.run(DefaultBuildOpe
rationExecutor.java:68)
	at org.gradle.api.internal.
tasks.execution.TaskExecutio
n.executeAction(TaskExecutio
n.java:221)
	at org.gradle.api.internal.
tasks.execution.TaskExecutio
n.executeActions(TaskExecuti
on.java:204)
	at org.gradle.api.internal.
tasks.execution.TaskExecutio
n.executeWithPreviousOutputF
iles(TaskExecution.java:187)
	at org.gradle.api.internal.
tasks.execution.TaskExecutio
n.execute(TaskExecution.java
:165)
	at org.gradle.internal.exec
ution.steps.ExecuteStep.exec
uteInternal(ExecuteStep.java
:89)
	at org.gradle.internal.exec
ution.steps.ExecuteStep.acce
ss$000(ExecuteStep.java:40)
	at org.gradle.internal.exec
ution.steps.ExecuteStep$1.ca
ll(ExecuteStep.java:53)
	at org.gradle.internal.exec
ution.steps.ExecuteStep$1.ca
ll(ExecuteStep.java:50)
	at org.gradle.internal.oper
ations.DefaultBuildOperation
Runner$CallableBuildOperatio
nWorker.execute(DefaultBuild
OperationRunner.java:204)
	at org.gradle.internal.oper
ations.DefaultBuildOperation
Runner$CallableBuildOperatio
nWorker.execute(DefaultBuild
OperationRunner.java:199)
	at org.gradle.internal.oper
ations.DefaultBuildOperation
Runner$2.execute(DefaultBuil
dOperationRunner.java:66)
	at org.gradle.internal.oper
ations.DefaultBuildOperation
Runner$2.execute(DefaultBuil
dOperationRunner.java:59)
	at org.gradle.internal.oper
ations.DefaultBuildOperation
Runner.execute(DefaultBuildO
perationRunner.java:157)
	at org.gradle.internal.oper
ations.DefaultBuildOperation
Runner.execute(DefaultBuildO
perationRunner.java:59)
	at org.gradle.internal.oper
ations.DefaultBuildOperation
Runner.call(DefaultBuildOper
ationRunner.java:53)
	at org.gradle.internal.oper
ations.DefaultBuildOperation
Executor.call(DefaultBuildOp
erationExecutor.java:73)
	at org.gradle.internal.exec
ution.steps.ExecuteStep.exec
ute(ExecuteStep.java:50)
	at org.gradle.internal.exec
ution.steps.ExecuteStep.exec
ute(ExecuteStep.java:40)
	at org.gradle.internal.exec
ution.steps.RemovePreviousOu
tputsStep.execute(RemovePrev
iousOutputsStep.java:68)
	at org.gradle.internal.exec
ution.steps.RemovePreviousOu
tputsStep.execute(RemovePrev
iousOutputsStep.java:38)
	at org.gradle.internal.exec
ution.steps.CancelExecutionS
tep.execute(CancelExecutionS
tep.java:41)
	at org.gradle.internal.exec
ution.steps.TimeoutStep.exec
uteWithoutTimeout(TimeoutSte
p.java:74)
	at org.gradle.internal.exec
ution.steps.TimeoutStep.exec
ute(TimeoutStep.java:55)
	at org.gradle.internal.exec
ution.steps.CreateOutputsSte
p.execute(CreateOutputsStep.
java:51)
	at org.gradle.internal.exec
ution.steps.CreateOutputsSte
p.execute(CreateOutputsStep.
java:29)
	at org.gradle.internal.exec
ution.steps.CaptureStateAfte
rExecutionStep.executeDelega
teBroadcastingChanges(Captur
eStateAfterExecutionStep.jav
a:124)
	at org.gradle.internal.exec
ution.steps.CaptureStateAfte
rExecutionStep.execute(Captu
reStateAfterExecutionStep.ja
va:80)
	at org.gradle.internal.exec
ution.steps.CaptureStateAfte
rExecutionStep.execute(Captu
reStateAfterExecutionStep.ja
va:58)
	at org.gradle.internal.exec
ution.steps.ResolveInputChan
gesStep.execute(ResolveInput
ChangesStep.java:48)
	at org.gradle.internal.exec
ution.steps.ResolveInputChan
gesStep.execute(ResolveInput
ChangesStep.java:36)
	at org.gradle.internal.exec
ution.steps.BuildCacheStep.e
xecuteWithoutCache(BuildCach
eStep.java:181)
	at org.gradle.internal.exec
ution.steps.BuildCacheStep.l
ambda$execute$1(BuildCacheSt
ep.java:71)
	at org.gradle.internal.Eith
er$Right.fold(Either.java:17
5)
	at org.gradle.internal.exec
ution.caching.CachingState.f
old(CachingState.java:59)
	at org.gradle.internal.exec
ution.steps.BuildCacheStep.e
xecute(BuildCacheStep.java:6
9)
	at org.gradle.internal.exec
ution.steps.BuildCacheStep.e
xecute(BuildCacheStep.java:4
7)
	at org.gradle.internal.exec
ution.steps.StoreExecutionSt
ateStep.execute(StoreExecuti
onStateStep.java:36)
	at org.gradle.internal.exec
ution.steps.StoreExecutionSt
ateStep.execute(StoreExecuti
onStateStep.java:25)
	at org.gradle.internal.exec
ution.steps.RecordOutputsSte
p.execute(RecordOutputsStep.
java:36)
	at org.gradle.internal.exec
ution.steps.RecordOutputsSte
p.execute(RecordOutputsStep.
java:22)
	at org.gradle.internal.exec
ution.steps.SkipUpToDateStep
.executeBecause(SkipUpToDate
Step.java:110)
	at org.gradle.internal.exec
ution.steps.SkipUpToDateStep
.lambda$execute$2(SkipUpToDa
teStep.java:56)
	at org.gradle.internal.exec
ution.steps.SkipUpToDateStep
.execute(SkipUpToDateStep.ja
va:56)
	at org.gradle.internal.exec
ution.steps.SkipUpToDateStep
.execute(SkipUpToDateStep.ja
va:38)
	at org.gradle.internal.exec
ution.steps.ResolveChangesSt
ep.execute(ResolveChangesSte
p.java:73)
	at org.gradle.internal.exec
ution.steps.ResolveChangesSt
ep.execute(ResolveChangesSte
p.java:44)
	at org.gradle.internal.exec
ution.steps.legacy.MarkSnaps
hottingInputsFinishedStep.ex
ecute(MarkSnapshottingInputs
FinishedStep.java:37)
	at org.gradle.internal.exec
ution.steps.legacy.MarkSnaps
hottingInputsFinishedStep.ex
ecute(MarkSnapshottingInputs
FinishedStep.java:27)
	at org.gradle.internal.exec
ution.steps.ResolveCachingSt
ateStep.execute(ResolveCachi
ngStateStep.java:89)
	at org.gradle.internal.exec
ution.steps.ResolveCachingSt
ateStep.execute(ResolveCachi
ngStateStep.java:50)
	at org.gradle.internal.exec
ution.steps.ValidateStep.exe
cute(ValidateStep.java:102)
	at org.gradle.internal.exec
ution.steps.ValidateStep.exe
cute(ValidateStep.java:57)
	at org.gradle.internal.exec
ution.steps.CaptureStateBefo
reExecutionStep.execute(Capt
ureStateBeforeExecutionStep.
java:76)
	at org.gradle.internal.exec
ution.steps.CaptureStateBefo
reExecutionStep.execute(Capt
ureStateBeforeExecutionStep.
java:50)
	at org.gradle.internal.exec
ution.steps.SkipEmptyWorkSte
p.executeWithNoEmptySources(
SkipEmptyWorkStep.java:254)
	at org.gradle.internal.exec
ution.steps.SkipEmptyWorkSte
p.executeWithNoEmptySources(
SkipEmptyWorkStep.java:209)
	at org.gradle.internal.exec
ution.steps.SkipEmptyWorkSte
p.execute(SkipEmptyWorkStep.
java:88)
	at org.gradle.internal.exec
ution.steps.SkipEmptyWorkSte
p.execute(SkipEmptyWorkStep.
java:56)
	at org.gradle.internal.exec
ution.steps.RemoveUntrackedE
xecutionStateStep.execute(Re
moveUntrackedExecutionStateS
tep.java:32)
	at org.gradle.internal.exec
ution.steps.RemoveUntrackedE
xecutionStateStep.execute(Re
moveUntrackedExecutionStateS
tep.java:21)
	at org.gradle.internal.exec
ution.steps.legacy.MarkSnaps
hottingInputsStartedStep.exe
cute(MarkSnapshottingInputsS
tartedStep.java:38)
	at org.gradle.internal.exec
ution.steps.LoadPreviousExec
utionStateStep.execute(LoadP
reviousExecutionStateStep.ja
va:43)
	at org.gradle.internal.exec
ution.steps.LoadPreviousExec
utionStateStep.execute(LoadP
reviousExecutionStateStep.ja
va:31)
	at org.gradle.internal.exec
ution.steps.AssignWorkspaceS
tep.lambda$execute$0(AssignW
orkspaceStep.java:40)
	at org.gradle.api.internal.
tasks.execution.TaskExecutio
n$4.withWorkspace(TaskExecut
ion.java:281)
	at org.gradle.internal.exec
ution.steps.AssignWorkspaceS
tep.execute(AssignWorkspaceS
tep.java:40)
	at org.gradle.internal.exec
ution.steps.AssignWorkspaceS
tep.execute(AssignWorkspaceS
tep.java:30)
	at org.gradle.internal.exec
ution.steps.IdentityCacheSte
p.execute(IdentityCacheStep.
java:37)
	at org.gradle.internal.exec
ution.steps.IdentityCacheSte
p.execute(IdentityCacheStep.
java:27)
	at org.gradle.internal.exec
ution.steps.IdentifyStep.exe
cute(IdentifyStep.java:44)
	at org.gradle.internal.exec
ution.steps.IdentifyStep.exe
cute(IdentifyStep.java:33)
	at org.gradle.internal.exec
ution.impl.DefaultExecutionE
ngine$1.execute(DefaultExecu
tionEngine.java:76)
	at org.gradle.api.internal.
tasks.execution.ExecuteActio
nsTaskExecuter.executeIfVali
d(ExecuteActionsTaskExecuter
.java:139)
	at org.gradle.api.internal.
tasks.execution.ExecuteActio
nsTaskExecuter.execute(Execu
teActionsTaskExecuter.java:1
28)
	at org.gradle.api.internal.
tasks.execution.CleanupStale
OutputsExecuter.execute(Clea
nupStaleOutputsExecuter.java
:77)
	at org.gradle.api.internal.
tasks.execution.FinalizeProp
ertiesTaskExecuter.execute(F
inalizePropertiesTaskExecute
r.java:46)
4 actionable tasks: 2 executed, 2 up-to-date
	at org.gradle.api.internal.
tasks.execution.ResolveTaskE
xecutionModeExecuter.execute
(ResolveTaskExecutionModeExe
cuter.java:51)
	at org.gradle.api.internal.
tasks.execution.SkipTaskWith
NoActionsExecuter.execute(Sk
ipTaskWithNoActionsExecuter.
java:57)
	at org.gradle.api.internal.
tasks.execution.SkipOnlyIfTa
skExecuter.execute(SkipOnlyI
fTaskExecuter.java:57)
	at org.gradle.api.internal.
tasks.execution.CatchExcepti
onTaskExecuter.execute(Catch
ExceptionTaskExecuter.java:3
6)
	at org.gradle.api.internal.
tasks.execution.EventFiringT
askExecuter$1.executeTask(Ev
entFiringTaskExecuter.java:7
7)
	at org.gradle.api.internal.
tasks.execution.EventFiringT
askExecuter$1.call(EventFiri
ngTaskExecuter.java:55)
	at org.gradle.api.internal.
tasks.execution.EventFiringT
askExecuter$1.call(EventFiri
ngTaskExecuter.java:52)
	at org.gradle.internal.oper
ations.DefaultBuildOperation
Runner$CallableBuildOperatio
nWorker.execute(DefaultBuild
OperationRunner.java:204)
	at org.gradle.internal.oper
ations.DefaultBuildOperation
Runner$CallableBuildOperatio
nWorker.execute(DefaultBuild
OperationRunner.java:199)
	at org.gradle.internal.oper
ations.DefaultBuildOperation
Runner$2.execute(DefaultBuil
dOperationRunner.java:66)
	at org.gradle.internal.oper
ations.DefaultBuildOperation
Runner$2.execute(DefaultBuil
dOperationRunner.java:59)
	at org.gradle.internal.oper
ations.DefaultBuildOperation
Runner.execute(DefaultBuildO
perationRunner.java:157)
	at org.gradle.internal.oper
ations.DefaultBuildOperation
Runner.execute(DefaultBuildO
perationRunner.java:59)
	at org.gradle.internal.oper
ations.DefaultBuildOperation
Runner.call(DefaultBuildOper
ationRunner.java:53)
	at org.gradle.internal.oper
ations.DefaultBuildOperation
Executor.call(DefaultBuildOp
erationExecutor.java:73)
	at org.gradle.api.internal.
tasks.execution.EventFiringT
askExecuter.execute(EventFir
ingTaskExecuter.java:52)
	at org.gradle.execution.pla
n.LocalTaskNodeExecutor.exec
ute(LocalTaskNodeExecutor.ja
va:69)
	at org.gradle.execution.tas
kgraph.DefaultTaskExecutionG
raph$InvokeNodeExecutorsActi
on.execute(DefaultTaskExecut
ionGraph.java:322)
	at org.gradle.execution.tas
kgraph.DefaultTaskExecutionG
raph$InvokeNodeExecutorsActi
on.execute(DefaultTaskExecut
ionGraph.java:309)
	at org.gradle.execution.tas
kgraph.DefaultTaskExecutionG
raph$BuildOperationAwareExec
utionAction.execute(DefaultT
askExecutionGraph.java:302)
	at org.gradle.execution.tas
kgraph.DefaultTaskExecutionG
raph$BuildOperationAwareExec
utionAction.execute(DefaultT
askExecutionGraph.java:288)
	at org.gradle.execution.pla
n.DefaultPlanExecutor$Execut
orWorker.execute(DefaultPlan
Executor.java:462)
	at org.gradle.execution.pla
n.DefaultPlanExecutor$Execut
orWorker.run(DefaultPlanExec
utor.java:379)
	at org.gradle.internal.conc
urrent.ExecutorPolicy$CatchA
ndRecordFailures.onExecute(E
xecutorPolicy.java:64)
	at org.gradle.internal.conc
urrent.ManagedExecutorImpl$1
.run(ManagedExecutorImpl.jav
a:49)
Caused by: org.jetbrains.kot
lin.gradle.tasks.Compilation
ErrorException: Compilation 
error. See log for more 
details
	at org.jetbrains.kotlin.gra
dle.tasks.TasksUtilsKt.throw
ExceptionIfCompilationFailed
(tasksUtils.kt:20)
	at org.jetbrains.kotlin.com
pilerRunner.GradleKotlinComp
ilerWork.run(GradleKotlinCom
pilerWork.kt:141)
	at org.jetbrains.kotlin.com
pilerRunner.GradleCompilerRu
nnerWithWorkers$GradleKotlin
CompilerWorkAction.execute(G
radleCompilerRunnerWithWorke
rs.kt:73)
	at org.gradle.workers.inter
nal.DefaultWorkerServer.exec
ute(DefaultWorkerServer.java
:63)
	at org.gradle.workers.inter
nal.NoIsolationWorkerFactory
$1$1.create(NoIsolationWorke
rFactory.java:66)
	at org.gradle.workers.inter
nal.NoIsolationWorkerFactory
$1$1.create(NoIsolationWorke
rFactory.java:62)
	at org.gradle.internal.clas
sloader.ClassLoaderUtils.exe
cuteInClassloader(ClassLoade
rUtils.java:100)
	at org.gradle.workers.inter
nal.NoIsolationWorkerFactory
$1.lambda$execute$0(NoIsolat
ionWorkerFactory.java:62)
	at org.gradle.workers.inter
nal.AbstractWorker$1.call(Ab
stractWorker.java:44)
	at org.gradle.workers.inter
nal.AbstractWorker$1.call(Ab
stractWorker.java:41)
	at org.gradle.internal.oper
ations.DefaultBuildOperation
Runner$CallableBuildOperatio
nWorker.execute(DefaultBuild
OperationRunner.java:204)
	at org.gradle.internal.oper
ations.DefaultBuildOperation
Runner$CallableBuildOperatio
nWorker.execute(DefaultBuild
OperationRunner.java:199)
	at org.gradle.internal.oper
ations.DefaultBuildOperation
Runner$2.execute(DefaultBuil
dOperationRunner.java:66)
	at org.gradle.internal.oper
ations.DefaultBuildOperation
Runner$2.execute(DefaultBuil
dOperationRunner.java:59)
	at org.gradle.internal.oper
ations.DefaultBuildOperation
Runner.execute(DefaultBuildO
perationRunner.java:157)
	at org.gradle.internal.oper
ations.DefaultBuildOperation
Runner.execute(DefaultBuildO
perationRunner.java:59)
	at org.gradle.internal.oper
ations.DefaultBuildOperation
Runner.call(DefaultBuildOper
ationRunner.java:53)
	at org.gradle.internal.oper
ations.DefaultBuildOperation
Executor.call(DefaultBuildOp
erationExecutor.java:73)
	at org.gradle.workers.inter
nal.AbstractWorker.executeWr
appedInBuildOperation(Abstra
ctWorker.java:41)
	at org.gradle.workers.inter
nal.NoIsolationWorkerFactory
$1.execute(NoIsolationWorker
Factory.java:59)
	at org.gradle.workers.inter
nal.DefaultWorkerExecutor.la
mbda$submitWork$2(DefaultWor
kerExecutor.java:212)
	at org.gradle.internal.work
.DefaultConditionalExecution
Queue$ExecutionRunner.runExe
cution(DefaultConditionalExe
cutionQueue.java:187)
	at org.gradle.internal.work
.DefaultConditionalExecution
Queue$ExecutionRunner.access
$700(DefaultConditionalExecu
tionQueue.java:120)
	at org.gradle.internal.work
.DefaultConditionalExecution
Queue$ExecutionRunner$1.run(
DefaultConditionalExecutionQ
ueue.java:162)
	at org.gradle.internal.Fact
ories$1.create(Factories.jav
a:31)
	at org.gradle.internal.work
.DefaultWorkerLeaseService.w
ithLocks(DefaultWorkerLeaseS
ervice.java:249)
	at org.gradle.internal.work
.DefaultWorkerLeaseService.r
unAsWorkerThread(DefaultWork
erLeaseService.java:109)
	at org.gradle.internal.work
.DefaultWorkerLeaseService.r
unAsWorkerThread(DefaultWork
erLeaseService.java:114)
	at org.gradle.internal.work
.DefaultConditionalExecution
Queue$ExecutionRunner.runBat
ch(DefaultConditionalExecuti
onQueue.java:157)
	at org.gradle.internal.work
.DefaultConditionalExecution
Queue$ExecutionRunner.run(De
faultConditionalExecutionQue
ue.java:126)
	... 2 more


* Get more help at 
https://help.gradle.org

BUILD FAILED in 5s
